The system is: Linux - 4.15.0-142-generic - i686
Compiling the C compiler identification source file "CMakeCCompilerId.c" succeeded.
Compiler: /usr/bin/i686-linux-gnu-gcc-5 
Build flags: 
Id flags: 

The output was:
0


Compilation of the C compiler identification source "CMakeCCompilerId.c" produced "a.out"

The C compiler identification is GNU, found in "/home/zhihzen/base/src/build/CMakeFiles/3.5.1/CompilerIdC/a.out"

Compiling the CXX compiler identification source file "CMakeCXXCompilerId.cpp" succeeded.
Compiler: /usr/bin/i686-linux-gnu-g++-5 
Build flags: 
Id flags: 

The output was:
0


Compilation of the CXX compiler identification source "CMakeCXXCompilerId.cpp" produced "a.out"

The CXX compiler identification is GNU, found in "/home/zhihzen/base/src/build/CMakeFiles/3.5.1/CompilerIdCXX/a.out"

Determining if the C compiler works passed with the following output:
Change Dir: /home/zhihzen/base/src/build/CMakeFiles/CMakeTmp

Run Build Command:"/usr/bin/make" "cmTC_2276e/fast"
/usr/bin/make -f CMakeFiles/cmTC_2276e.dir/build.make CMakeFiles/cmTC_2276e.dir/build
make[1]: Entering directory '/home/zhihzen/base/src/build/CMakeFiles/CMakeTmp'
Building C object CMakeFiles/cmTC_2276e.dir/testCCompiler.c.o
/usr/bin/i686-linux-gnu-gcc-5     -o CMakeFiles/cmTC_2276e.dir/testCCompiler.c.o   -c /home/zhihzen/base/src/build/CMakeFiles/CMakeTmp/testCCompiler.c
Linking C executable cmTC_2276e
/usr/bin/cmake -E cmake_link_script CMakeFiles/cmTC_2276e.dir/link.txt --verbose=1
/usr/bin/i686-linux-gnu-gcc-5       CMakeFiles/cmTC_2276e.dir/testCCompiler.c.o  -o cmTC_2276e -rdynamic 
make[1]: Leaving directory '/home/zhihzen/base/src/build/CMakeFiles/CMakeTmp'


Detecting C compiler ABI info compiled with the following output:
Change Dir: /home/zhihzen/base/src/build/CMakeFiles/CMakeTmp

Run Build Command:"/usr/bin/make" "cmTC_c64ab/fast"
/usr/bin/make -f CMakeFiles/cmTC_c64ab.dir/build.make CMakeFiles/cmTC_c64ab.dir/build
make[1]: Entering directory '/home/zhihzen/base/src/build/CMakeFiles/CMakeTmp'
Building C object CMakeFiles/cmTC_c64ab.dir/CMakeCCompilerABI.c.o
/usr/bin/i686-linux-gnu-gcc-5     -o CMakeFiles/cmTC_c64ab.dir/CMakeCCompilerABI.c.o   -c /usr/share/cmake-3.5/Modules/CMakeCCompilerABI.c
Linking C executable cmTC_c64ab
/usr/bin/cmake -E cmake_link_script CMakeFiles/cmTC_c64ab.dir/link.txt --verbose=1
/usr/bin/i686-linux-gnu-gcc-5      -v CMakeFiles/cmTC_c64ab.dir/CMakeCCompilerABI.c.o  -o cmTC_c64ab -rdynamic  
Using built-in specs.
COLLECT_GCC=/usr/bin/i686-linux-gnu-gcc-5
COLLECT_LTO_WRAPPER=/usr/lib/gcc/i686-linux-gnu/5/lto-wrapper
Target: i686-linux-gnu
Configured with: ../src/configure -v --with-pkgversion='Ubuntu 5.4.0-6ubuntu1~16.04.12' --with-bugurl=file:///usr/share/doc/gcc-5/README.Bugs --enable-languages=c,ada,c++,java,go,d,fortran,objc,obj-c++ --prefix=/usr --program-suffix=-5 --enable-shared --enable-linker-build-id --libexecdir=/usr/lib --without-included-gettext --enable-threads=posix --libdir=/usr/lib --enable-nls --with-sysroot=/ --enable-clocale=gnu --enable-libstdcxx-debug --enable-libstdcxx-time=yes --with-default-libstdcxx-abi=new --enable-gnu-unique-object --disable-vtable-verify --enable-libmpx --enable-plugin --with-system-zlib --disable-browser-plugin --enable-java-awt=gtk --enable-gtk-cairo --with-java-home=/usr/lib/jvm/java-1.5.0-gcj-5-i386/jre --enable-java-home --with-jvm-root-dir=/usr/lib/jvm/java-1.5.0-gcj-5-i386 --with-jvm-jar-dir=/usr/lib/jvm-exports/java-1.5.0-gcj-5-i386 --with-arch-directory=i386 --with-ecj-jar=/usr/share/java/eclipse-ecj.jar --enable-objc-gc --enable-targets=all --enable-multiarch --disable-werror --with-arch-32=i686 --with-multilib-list=m32,m64,mx32 --enable-multilib --with-tune=generic --enable-checking=release --build=i686-linux-gnu --host=i686-linux-gnu --target=i686-linux-gnu
Thread model: posix
gcc version 5.4.0 20160609 (Ubuntu 5.4.0-6ubuntu1~16.04.12) 
COMPILER_PATH=/usr/lib/gcc/i686-linux-gnu/5/:/usr/lib/gcc/i686-linux-gnu/5/:/usr/lib/gcc/i686-linux-gnu/:/usr/lib/gcc/i686-linux-gnu/5/:/usr/lib/gcc/i686-linux-gnu/
LIBRARY_PATH=/home/zhihzen/base/lib/../lib/:/usr/lib/gcc/i686-linux-gnu/5/:/usr/lib/gcc/i686-linux-gnu/5/../../../i386-linux-gnu/:/usr/lib/gcc/i686-linux-gnu/5/../../../../lib/:/lib/i386-linux-gnu/:/lib/../lib/:/usr/lib/i386-linux-gnu/:/usr/lib/../lib/:./:/home/zhihzen/base/lib/:/usr/lib/gcc/i686-linux-gnu/5/../../../:/lib/:/usr/lib/
COLLECT_GCC_OPTIONS='-v' '-o' 'cmTC_c64ab' '-rdynamic' '-mtune=generic' '-march=i686'
 /usr/lib/gcc/i686-linux-gnu/5/collect2 -plugin /usr/lib/gcc/i686-linux-gnu/5/liblto_plugin.so -plugin-opt=/usr/lib/gcc/i686-linux-gnu/5/lto-wrapper -plugin-opt=-fresolution=/tmp/cczFSUFw.res -plugin-opt=-pass-through=-lgcc -plugin-opt=-pass-through=-lgcc_s -plugin-opt=-pass-through=-lc -plugin-opt=-pass-through=-lgcc -plugin-opt=-pass-through=-lgcc_s --sysroot=/ --build-id --eh-frame-hdr -m elf_i386 --hash-style=gnu --as-needed -export-dynamic -dynamic-linker /lib/ld-linux.so.2 -z relro -o cmTC_c64ab /usr/lib/gcc/i686-linux-gnu/5/../../../i386-linux-gnu/crt1.o /usr/lib/gcc/i686-linux-gnu/5/../../../i386-linux-gnu/crti.o /usr/lib/gcc/i686-linux-gnu/5/crtbegin.o -L/home/zhihzen/base/lib/../lib -L/usr/lib/gcc/i686-linux-gnu/5 -L/usr/lib/gcc/i686-linux-gnu/5/../../../i386-linux-gnu -L/usr/lib/gcc/i686-linux-gnu/5/../../../../lib -L/lib/i386-linux-gnu -L/lib/../lib -L/usr/lib/i386-linux-gnu -L/usr/lib/../lib -L. -L/home/zhihzen/base/lib -L/usr/lib/gcc/i686-linux-gnu/5/../../.. CMakeFiles/cmTC_c64ab.dir/CMakeCCompilerABI.c.o -lgcc --as-needed -lgcc_s --no-as-needed -lc -lgcc --as-needed -lgcc_s --no-as-needed /usr/lib/gcc/i686-linux-gnu/5/crtend.o /usr/lib/gcc/i686-linux-gnu/5/../../../i386-linux-gnu/crtn.o
make[1]: Leaving directory '/home/zhihzen/base/src/build/CMakeFiles/CMakeTmp'


Parsed C implicit link information from above output:
  link line regex: [^( *|.*[/\])(ld|([^/\]+-)?ld|collect2)[^/\]*( |$)]
  ignore line: [Change Dir: /home/zhihzen/base/src/build/CMakeFiles/CMakeTmp]
  ignore line: []
  ignore line: [Run Build Command:"/usr/bin/make" "cmTC_c64ab/fast"]
  ignore line: [/usr/bin/make -f CMakeFiles/cmTC_c64ab.dir/build.make CMakeFiles/cmTC_c64ab.dir/build]
  ignore line: [make[1]: Entering directory '/home/zhihzen/base/src/build/CMakeFiles/CMakeTmp']
  ignore line: [Building C object CMakeFiles/cmTC_c64ab.dir/CMakeCCompilerABI.c.o]
  ignore line: [/usr/bin/i686-linux-gnu-gcc-5     -o CMakeFiles/cmTC_c64ab.dir/CMakeCCompilerABI.c.o   -c /usr/share/cmake-3.5/Modules/CMakeCCompilerABI.c]
  ignore line: [Linking C executable cmTC_c64ab]
  ignore line: [/usr/bin/cmake -E cmake_link_script CMakeFiles/cmTC_c64ab.dir/link.txt --verbose=1]
  ignore line: [/usr/bin/i686-linux-gnu-gcc-5      -v CMakeFiles/cmTC_c64ab.dir/CMakeCCompilerABI.c.o  -o cmTC_c64ab -rdynamic  ]
  ignore line: [Using built-in specs.]
  ignore line: [COLLECT_GCC=/usr/bin/i686-linux-gnu-gcc-5]
  ignore line: [COLLECT_LTO_WRAPPER=/usr/lib/gcc/i686-linux-gnu/5/lto-wrapper]
  ignore line: [Target: i686-linux-gnu]
  ignore line: [Configured with: ../src/configure -v --with-pkgversion='Ubuntu 5.4.0-6ubuntu1~16.04.12' --with-bugurl=file:///usr/share/doc/gcc-5/README.Bugs --enable-languages=c,ada,c++,java,go,d,fortran,objc,obj-c++ --prefix=/usr --program-suffix=-5 --enable-shared --enable-linker-build-id --libexecdir=/usr/lib --without-included-gettext --enable-threads=posix --libdir=/usr/lib --enable-nls --with-sysroot=/ --enable-clocale=gnu --enable-libstdcxx-debug --enable-libstdcxx-time=yes --with-default-libstdcxx-abi=new --enable-gnu-unique-object --disable-vtable-verify --enable-libmpx --enable-plugin --with-system-zlib --disable-browser-plugin --enable-java-awt=gtk --enable-gtk-cairo --with-java-home=/usr/lib/jvm/java-1.5.0-gcj-5-i386/jre --enable-java-home --with-jvm-root-dir=/usr/lib/jvm/java-1.5.0-gcj-5-i386 --with-jvm-jar-dir=/usr/lib/jvm-exports/java-1.5.0-gcj-5-i386 --with-arch-directory=i386 --with-ecj-jar=/usr/share/java/eclipse-ecj.jar --enable-objc-gc --enable-targets=all --enable-multiarch --disable-werror --with-arch-32=i686 --with-multilib-list=m32,m64,mx32 --enable-multilib --with-tune=generic --enable-checking=release --build=i686-linux-gnu --host=i686-linux-gnu --target=i686-linux-gnu]
  ignore line: [Thread model: posix]
  ignore line: [gcc version 5.4.0 20160609 (Ubuntu 5.4.0-6ubuntu1~16.04.12) ]
  ignore line: [COMPILER_PATH=/usr/lib/gcc/i686-linux-gnu/5/:/usr/lib/gcc/i686-linux-gnu/5/:/usr/lib/gcc/i686-linux-gnu/:/usr/lib/gcc/i686-linux-gnu/5/:/usr/lib/gcc/i686-linux-gnu/]
  ignore line: [LIBRARY_PATH=/home/zhihzen/base/lib/../lib/:/usr/lib/gcc/i686-linux-gnu/5/:/usr/lib/gcc/i686-linux-gnu/5/../../../i386-linux-gnu/:/usr/lib/gcc/i686-linux-gnu/5/../../../../lib/:/lib/i386-linux-gnu/:/lib/../lib/:/usr/lib/i386-linux-gnu/:/usr/lib/../lib/:./:/home/zhihzen/base/lib/:/usr/lib/gcc/i686-linux-gnu/5/../../../:/lib/:/usr/lib/]
  ignore line: [COLLECT_GCC_OPTIONS='-v' '-o' 'cmTC_c64ab' '-rdynamic' '-mtune=generic' '-march=i686']
  link line: [ /usr/lib/gcc/i686-linux-gnu/5/collect2 -plugin /usr/lib/gcc/i686-linux-gnu/5/liblto_plugin.so -plugin-opt=/usr/lib/gcc/i686-linux-gnu/5/lto-wrapper -plugin-opt=-fresolution=/tmp/cczFSUFw.res -plugin-opt=-pass-through=-lgcc -plugin-opt=-pass-through=-lgcc_s -plugin-opt=-pass-through=-lc -plugin-opt=-pass-through=-lgcc -plugin-opt=-pass-through=-lgcc_s --sysroot=/ --build-id --eh-frame-hdr -m elf_i386 --hash-style=gnu --as-needed -export-dynamic -dynamic-linker /lib/ld-linux.so.2 -z relro -o cmTC_c64ab /usr/lib/gcc/i686-linux-gnu/5/../../../i386-linux-gnu/crt1.o /usr/lib/gcc/i686-linux-gnu/5/../../../i386-linux-gnu/crti.o /usr/lib/gcc/i686-linux-gnu/5/crtbegin.o -L/home/zhihzen/base/lib/../lib -L/usr/lib/gcc/i686-linux-gnu/5 -L/usr/lib/gcc/i686-linux-gnu/5/../../../i386-linux-gnu -L/usr/lib/gcc/i686-linux-gnu/5/../../../../lib -L/lib/i386-linux-gnu -L/lib/../lib -L/usr/lib/i386-linux-gnu -L/usr/lib/../lib -L. -L/home/zhihzen/base/lib -L/usr/lib/gcc/i686-linux-gnu/5/../../.. CMakeFiles/cmTC_c64ab.dir/CMakeCCompilerABI.c.o -lgcc --as-needed -lgcc_s --no-as-needed -lc -lgcc --as-needed -lgcc_s --no-as-needed /usr/lib/gcc/i686-linux-gnu/5/crtend.o /usr/lib/gcc/i686-linux-gnu/5/../../../i386-linux-gnu/crtn.o]
    arg [/usr/lib/gcc/i686-linux-gnu/5/collect2] ==> ignore
    arg [-plugin] ==> ignore
    arg [/usr/lib/gcc/i686-linux-gnu/5/liblto_plugin.so] ==> ignore
    arg [-plugin-opt=/usr/lib/gcc/i686-linux-gnu/5/lto-wrapper] ==> ignore
    arg [-plugin-opt=-fresolution=/tmp/cczFSUFw.res] ==> ignore
    arg [-plugin-opt=-pass-through=-lgcc] ==> ignore
    arg [-plugin-opt=-pass-through=-lgcc_s] ==> ignore
    arg [-plugin-opt=-pass-through=-lc] ==> ignore
    arg [-plugin-opt=-pass-through=-lgcc] ==> ignore
    arg [-plugin-opt=-pass-through=-lgcc_s] ==> ignore
    arg [--sysroot=/] ==> ignore
    arg [--build-id] ==> ignore
    arg [--eh-frame-hdr] ==> ignore
    arg [-m] ==> ignore
    arg [elf_i386] ==> ignore
    arg [--hash-style=gnu] ==> ignore
    arg [--as-needed] ==> ignore
    arg [-export-dynamic] ==> ignore
    arg [-dynamic-linker] ==> ignore
    arg [/lib/ld-linux.so.2] ==> ignore
    arg [-zrelro] ==> ignore
    arg [-o] ==> ignore
    arg [cmTC_c64ab] ==> ignore
    arg [/usr/lib/gcc/i686-linux-gnu/5/../../../i386-linux-gnu/crt1.o] ==> ignore
    arg [/usr/lib/gcc/i686-linux-gnu/5/../../../i386-linux-gnu/crti.o] ==> ignore
    arg [/usr/lib/gcc/i686-linux-gnu/5/crtbegin.o] ==> ignore
    arg [-L/home/zhihzen/base/lib/../lib] ==> dir [/home/zhihzen/base/lib/../lib]
    arg [-L/usr/lib/gcc/i686-linux-gnu/5] ==> dir [/usr/lib/gcc/i686-linux-gnu/5]
    arg [-L/usr/lib/gcc/i686-linux-gnu/5/../../../i386-linux-gnu] ==> dir [/usr/lib/gcc/i686-linux-gnu/5/../../../i386-linux-gnu]
    arg [-L/usr/lib/gcc/i686-linux-gnu/5/../../../../lib] ==> dir [/usr/lib/gcc/i686-linux-gnu/5/../../../../lib]
    arg [-L/lib/i386-linux-gnu] ==> dir [/lib/i386-linux-gnu]
    arg [-L/lib/../lib] ==> dir [/lib/../lib]
    arg [-L/usr/lib/i386-linux-gnu] ==> dir [/usr/lib/i386-linux-gnu]
    arg [-L/usr/lib/../lib] ==> dir [/usr/lib/../lib]
    arg [-L.] ==> ignore
    arg [-L/home/zhihzen/base/lib] ==> dir [/home/zhihzen/base/lib]
    arg [-L/usr/lib/gcc/i686-linux-gnu/5/../../..] ==> dir [/usr/lib/gcc/i686-linux-gnu/5/../../..]
    arg [CMakeFiles/cmTC_c64ab.dir/CMakeCCompilerABI.c.o] ==> ignore
    arg [-lgcc] ==> lib [gcc]
    arg [--as-needed] ==> ignore
    arg [-lgcc_s] ==> lib [gcc_s]
    arg [--no-as-needed] ==> ignore
    arg [-lc] ==> lib [c]
    arg [-lgcc] ==> lib [gcc]
    arg [--as-needed] ==> ignore
    arg [-lgcc_s] ==> lib [gcc_s]
    arg [--no-as-needed] ==> ignore
    arg [/usr/lib/gcc/i686-linux-gnu/5/crtend.o] ==> ignore
    arg [/usr/lib/gcc/i686-linux-gnu/5/../../../i386-linux-gnu/crtn.o] ==> ignore
  remove lib [gcc]
  remove lib [gcc_s]
  remove lib [gcc]
  remove lib [gcc_s]
  collapse library dir [/home/zhihzen/base/lib/../lib] ==> [/home/zhihzen/base/lib]
  collapse library dir [/usr/lib/gcc/i686-linux-gnu/5] ==> [/usr/lib/gcc/i686-linux-gnu/5]
  collapse library dir [/usr/lib/gcc/i686-linux-gnu/5/../../../i386-linux-gnu] ==> [/usr/lib/i386-linux-gnu]
  collapse library dir [/usr/lib/gcc/i686-linux-gnu/5/../../../../lib] ==> [/usr/lib]
  collapse library dir [/lib/i386-linux-gnu] ==> [/lib/i386-linux-gnu]
  collapse library dir [/lib/../lib] ==> [/lib]
  collapse library dir [/usr/lib/i386-linux-gnu] ==> [/usr/lib/i386-linux-gnu]
  collapse library dir [/usr/lib/../lib] ==> [/usr/lib]
  collapse library dir [/home/zhihzen/base/lib] ==> [/home/zhihzen/base/lib]
  collapse library dir [/usr/lib/gcc/i686-linux-gnu/5/../../..] ==> [/usr/lib]
  implicit libs: [c]
  implicit dirs: [/home/zhihzen/base/lib;/usr/lib/gcc/i686-linux-gnu/5;/usr/lib/i386-linux-gnu;/usr/lib;/lib/i386-linux-gnu;/lib]
  implicit fwks: []




Detecting C [-std=c11] compiler features compiled with the following output:
Change Dir: /home/zhihzen/base/src/build/CMakeFiles/CMakeTmp

Run Build Command:"/usr/bin/make" "cmTC_ee3b3/fast"
/usr/bin/make -f CMakeFiles/cmTC_ee3b3.dir/build.make CMakeFiles/cmTC_ee3b3.dir/build
make[1]: Entering directory '/home/zhihzen/base/src/build/CMakeFiles/CMakeTmp'
Building C object CMakeFiles/cmTC_ee3b3.dir/feature_tests.c.o
/usr/bin/i686-linux-gnu-gcc-5    -std=c11 -o CMakeFiles/cmTC_ee3b3.dir/feature_tests.c.o   -c /home/zhihzen/base/src/build/CMakeFiles/feature_tests.c
Linking C executable cmTC_ee3b3
/usr/bin/cmake -E cmake_link_script CMakeFiles/cmTC_ee3b3.dir/link.txt --verbose=1
/usr/bin/i686-linux-gnu-gcc-5       CMakeFiles/cmTC_ee3b3.dir/feature_tests.c.o  -o cmTC_ee3b3 -rdynamic 
make[1]: Leaving directory '/home/zhihzen/base/src/build/CMakeFiles/CMakeTmp'


    Feature record: C_FEATURE:1c_function_prototypes
    Feature record: C_FEATURE:1c_restrict
    Feature record: C_FEATURE:1c_static_assert
    Feature record: C_FEATURE:1c_variadic_macros


Detecting C [-std=c99] compiler features compiled with the following output:
Change Dir: /home/zhihzen/base/src/build/CMakeFiles/CMakeTmp

Run Build Command:"/usr/bin/make" "cmTC_fd360/fast"
/usr/bin/make -f CMakeFiles/cmTC_fd360.dir/build.make CMakeFiles/cmTC_fd360.dir/build
make[1]: Entering directory '/home/zhihzen/base/src/build/CMakeFiles/CMakeTmp'
Building C object CMakeFiles/cmTC_fd360.dir/feature_tests.c.o
/usr/bin/i686-linux-gnu-gcc-5    -std=c99 -o CMakeFiles/cmTC_fd360.dir/feature_tests.c.o   -c /home/zhihzen/base/src/build/CMakeFiles/feature_tests.c
Linking C executable cmTC_fd360
/usr/bin/cmake -E cmake_link_script CMakeFiles/cmTC_fd360.dir/link.txt --verbose=1
/usr/bin/i686-linux-gnu-gcc-5       CMakeFiles/cmTC_fd360.dir/feature_tests.c.o  -o cmTC_fd360 -rdynamic 
make[1]: Leaving directory '/home/zhihzen/base/src/build/CMakeFiles/CMakeTmp'


    Feature record: C_FEATURE:1c_function_prototypes
    Feature record: C_FEATURE:1c_restrict
    Feature record: C_FEATURE:0c_static_assert
    Feature record: C_FEATURE:1c_variadic_macros


Detecting C [-std=c90] compiler features compiled with the following output:
Change Dir: /home/zhihzen/base/src/build/CMakeFiles/CMakeTmp

Run Build Command:"/usr/bin/make" "cmTC_4e9d7/fast"
/usr/bin/make -f CMakeFiles/cmTC_4e9d7.dir/build.make CMakeFiles/cmTC_4e9d7.dir/build
make[1]: Entering directory '/home/zhihzen/base/src/build/CMakeFiles/CMakeTmp'
Building C object CMakeFiles/cmTC_4e9d7.dir/feature_tests.c.o
/usr/bin/i686-linux-gnu-gcc-5    -std=c90 -o CMakeFiles/cmTC_4e9d7.dir/feature_tests.c.o   -c /home/zhihzen/base/src/build/CMakeFiles/feature_tests.c
Linking C executable cmTC_4e9d7
/usr/bin/cmake -E cmake_link_script CMakeFiles/cmTC_4e9d7.dir/link.txt --verbose=1
/usr/bin/i686-linux-gnu-gcc-5       CMakeFiles/cmTC_4e9d7.dir/feature_tests.c.o  -o cmTC_4e9d7 -rdynamic 
make[1]: Leaving directory '/home/zhihzen/base/src/build/CMakeFiles/CMakeTmp'


    Feature record: C_FEATURE:1c_function_prototypes
    Feature record: C_FEATURE:0c_restrict
    Feature record: C_FEATURE:0c_static_assert
    Feature record: C_FEATURE:0c_variadic_macros
Determining if the CXX compiler works passed with the following output:
Change Dir: /home/zhihzen/base/src/build/CMakeFiles/CMakeTmp

Run Build Command:"/usr/bin/make" "cmTC_fbb38/fast"
/usr/bin/make -f CMakeFiles/cmTC_fbb38.dir/build.make CMakeFiles/cmTC_fbb38.dir/build
make[1]: Entering directory '/home/zhihzen/base/src/build/CMakeFiles/CMakeTmp'
Building CXX object CMakeFiles/cmTC_fbb38.dir/testCXXCompiler.cxx.o
/usr/bin/i686-linux-gnu-g++-5      -o CMakeFiles/cmTC_fbb38.dir/testCXXCompiler.cxx.o -c /home/zhihzen/base/src/build/CMakeFiles/CMakeTmp/testCXXCompiler.cxx
Linking CXX executable cmTC_fbb38
/usr/bin/cmake -E cmake_link_script CMakeFiles/cmTC_fbb38.dir/link.txt --verbose=1
/usr/bin/i686-linux-gnu-g++-5        CMakeFiles/cmTC_fbb38.dir/testCXXCompiler.cxx.o  -o cmTC_fbb38 -rdynamic 
make[1]: Leaving directory '/home/zhihzen/base/src/build/CMakeFiles/CMakeTmp'


Detecting CXX compiler ABI info compiled with the following output:
Change Dir: /home/zhihzen/base/src/build/CMakeFiles/CMakeTmp

Run Build Command:"/usr/bin/make" "cmTC_16936/fast"
/usr/bin/make -f CMakeFiles/cmTC_16936.dir/build.make CMakeFiles/cmTC_16936.dir/build
make[1]: Entering directory '/home/zhihzen/base/src/build/CMakeFiles/CMakeTmp'
Building CXX object CMakeFiles/cmTC_16936.dir/CMakeCXXCompilerABI.cpp.o
/usr/bin/i686-linux-gnu-g++-5      -o CMakeFiles/cmTC_16936.dir/CMakeCXXCompilerABI.cpp.o -c /usr/share/cmake-3.5/Modules/CMakeCXXCompilerABI.cpp
Linking CXX executable cmTC_16936
/usr/bin/cmake -E cmake_link_script CMakeFiles/cmTC_16936.dir/link.txt --verbose=1
/usr/bin/i686-linux-gnu-g++-5       -v CMakeFiles/cmTC_16936.dir/CMakeCXXCompilerABI.cpp.o  -o cmTC_16936 -rdynamic  
Using built-in specs.
COLLECT_GCC=/usr/bin/i686-linux-gnu-g++-5
COLLECT_LTO_WRAPPER=/usr/lib/gcc/i686-linux-gnu/5/lto-wrapper
Target: i686-linux-gnu
Configured with: ../src/configure -v --with-pkgversion='Ubuntu 5.4.0-6ubuntu1~16.04.12' --with-bugurl=file:///usr/share/doc/gcc-5/README.Bugs --enable-languages=c,ada,c++,java,go,d,fortran,objc,obj-c++ --prefix=/usr --program-suffix=-5 --enable-shared --enable-linker-build-id --libexecdir=/usr/lib --without-included-gettext --enable-threads=posix --libdir=/usr/lib --enable-nls --with-sysroot=/ --enable-clocale=gnu --enable-libstdcxx-debug --enable-libstdcxx-time=yes --with-default-libstdcxx-abi=new --enable-gnu-unique-object --disable-vtable-verify --enable-libmpx --enable-plugin --with-system-zlib --disable-browser-plugin --enable-java-awt=gtk --enable-gtk-cairo --with-java-home=/usr/lib/jvm/java-1.5.0-gcj-5-i386/jre --enable-java-home --with-jvm-root-dir=/usr/lib/jvm/java-1.5.0-gcj-5-i386 --with-jvm-jar-dir=/usr/lib/jvm-exports/java-1.5.0-gcj-5-i386 --with-arch-directory=i386 --with-ecj-jar=/usr/share/java/eclipse-ecj.jar --enable-objc-gc --enable-targets=all --enable-multiarch --disable-werror --with-arch-32=i686 --with-multilib-list=m32,m64,mx32 --enable-multilib --with-tune=generic --enable-checking=release --build=i686-linux-gnu --host=i686-linux-gnu --target=i686-linux-gnu
Thread model: posix
gcc version 5.4.0 20160609 (Ubuntu 5.4.0-6ubuntu1~16.04.12) 
COMPILER_PATH=/usr/lib/gcc/i686-linux-gnu/5/:/usr/lib/gcc/i686-linux-gnu/5/:/usr/lib/gcc/i686-linux-gnu/:/usr/lib/gcc/i686-linux-gnu/5/:/usr/lib/gcc/i686-linux-gnu/
LIBRARY_PATH=/home/zhihzen/base/lib/../lib/:/usr/lib/gcc/i686-linux-gnu/5/:/usr/lib/gcc/i686-linux-gnu/5/../../../i386-linux-gnu/:/usr/lib/gcc/i686-linux-gnu/5/../../../../lib/:/lib/i386-linux-gnu/:/lib/../lib/:/usr/lib/i386-linux-gnu/:/usr/lib/../lib/:./:/home/zhihzen/base/lib/:/usr/lib/gcc/i686-linux-gnu/5/../../../:/lib/:/usr/lib/
COLLECT_GCC_OPTIONS='-v' '-o' 'cmTC_16936' '-rdynamic' '-shared-libgcc' '-mtune=generic' '-march=i686'
 /usr/lib/gcc/i686-linux-gnu/5/collect2 -plugin /usr/lib/gcc/i686-linux-gnu/5/liblto_plugin.so -plugin-opt=/usr/lib/gcc/i686-linux-gnu/5/lto-wrapper -plugin-opt=-fresolution=/tmp/cc23jHvY.res -plugin-opt=-pass-through=-lgcc_s -plugin-opt=-pass-through=-lgcc -plugin-opt=-pass-through=-lc -plugin-opt=-pass-through=-lgcc_s -plugin-opt=-pass-through=-lgcc --sysroot=/ --build-id --eh-frame-hdr -m elf_i386 --hash-style=gnu --as-needed -export-dynamic -dynamic-linker /lib/ld-linux.so.2 -z relro -o cmTC_16936 /usr/lib/gcc/i686-linux-gnu/5/../../../i386-linux-gnu/crt1.o /usr/lib/gcc/i686-linux-gnu/5/../../../i386-linux-gnu/crti.o /usr/lib/gcc/i686-linux-gnu/5/crtbegin.o -L/home/zhihzen/base/lib/../lib -L/usr/lib/gcc/i686-linux-gnu/5 -L/usr/lib/gcc/i686-linux-gnu/5/../../../i386-linux-gnu -L/usr/lib/gcc/i686-linux-gnu/5/../../../../lib -L/lib/i386-linux-gnu -L/lib/../lib -L/usr/lib/i386-linux-gnu -L/usr/lib/../lib -L. -L/home/zhihzen/base/lib -L/usr/lib/gcc/i686-linux-gnu/5/../../.. CMakeFiles/cmTC_16936.dir/CMakeCXXCompilerABI.cpp.o -lstdc++ -lm -lgcc_s -lgcc -lc -lgcc_s -lgcc /usr/lib/gcc/i686-linux-gnu/5/crtend.o /usr/lib/gcc/i686-linux-gnu/5/../../../i386-linux-gnu/crtn.o
make[1]: Leaving directory '/home/zhihzen/base/src/build/CMakeFiles/CMakeTmp'


Parsed CXX implicit link information from above output:
  link line regex: [^( *|.*[/\])(ld|([^/\]+-)?ld|collect2)[^/\]*( |$)]
  ignore line: [Change Dir: /home/zhihzen/base/src/build/CMakeFiles/CMakeTmp]
  ignore line: []
  ignore line: [Run Build Command:"/usr/bin/make" "cmTC_16936/fast"]
  ignore line: [/usr/bin/make -f CMakeFiles/cmTC_16936.dir/build.make CMakeFiles/cmTC_16936.dir/build]
  ignore line: [make[1]: Entering directory '/home/zhihzen/base/src/build/CMakeFiles/CMakeTmp']
  ignore line: [Building CXX object CMakeFiles/cmTC_16936.dir/CMakeCXXCompilerABI.cpp.o]
  ignore line: [/usr/bin/i686-linux-gnu-g++-5      -o CMakeFiles/cmTC_16936.dir/CMakeCXXCompilerABI.cpp.o -c /usr/share/cmake-3.5/Modules/CMakeCXXCompilerABI.cpp]
  ignore line: [Linking CXX executable cmTC_16936]
  ignore line: [/usr/bin/cmake -E cmake_link_script CMakeFiles/cmTC_16936.dir/link.txt --verbose=1]
  ignore line: [/usr/bin/i686-linux-gnu-g++-5       -v CMakeFiles/cmTC_16936.dir/CMakeCXXCompilerABI.cpp.o  -o cmTC_16936 -rdynamic  ]
  ignore line: [Using built-in specs.]
  ignore line: [COLLECT_GCC=/usr/bin/i686-linux-gnu-g++-5]
  ignore line: [COLLECT_LTO_WRAPPER=/usr/lib/gcc/i686-linux-gnu/5/lto-wrapper]
  ignore line: [Target: i686-linux-gnu]
  ignore line: [Configured with: ../src/configure -v --with-pkgversion='Ubuntu 5.4.0-6ubuntu1~16.04.12' --with-bugurl=file:///usr/share/doc/gcc-5/README.Bugs --enable-languages=c,ada,c++,java,go,d,fortran,objc,obj-c++ --prefix=/usr --program-suffix=-5 --enable-shared --enable-linker-build-id --libexecdir=/usr/lib --without-included-gettext --enable-threads=posix --libdir=/usr/lib --enable-nls --with-sysroot=/ --enable-clocale=gnu --enable-libstdcxx-debug --enable-libstdcxx-time=yes --with-default-libstdcxx-abi=new --enable-gnu-unique-object --disable-vtable-verify --enable-libmpx --enable-plugin --with-system-zlib --disable-browser-plugin --enable-java-awt=gtk --enable-gtk-cairo --with-java-home=/usr/lib/jvm/java-1.5.0-gcj-5-i386/jre --enable-java-home --with-jvm-root-dir=/usr/lib/jvm/java-1.5.0-gcj-5-i386 --with-jvm-jar-dir=/usr/lib/jvm-exports/java-1.5.0-gcj-5-i386 --with-arch-directory=i386 --with-ecj-jar=/usr/share/java/eclipse-ecj.jar --enable-objc-gc --enable-targets=all --enable-multiarch --disable-werror --with-arch-32=i686 --with-multilib-list=m32,m64,mx32 --enable-multilib --with-tune=generic --enable-checking=release --build=i686-linux-gnu --host=i686-linux-gnu --target=i686-linux-gnu]
  ignore line: [Thread model: posix]
  ignore line: [gcc version 5.4.0 20160609 (Ubuntu 5.4.0-6ubuntu1~16.04.12) ]
  ignore line: [COMPILER_PATH=/usr/lib/gcc/i686-linux-gnu/5/:/usr/lib/gcc/i686-linux-gnu/5/:/usr/lib/gcc/i686-linux-gnu/:/usr/lib/gcc/i686-linux-gnu/5/:/usr/lib/gcc/i686-linux-gnu/]
  ignore line: [LIBRARY_PATH=/home/zhihzen/base/lib/../lib/:/usr/lib/gcc/i686-linux-gnu/5/:/usr/lib/gcc/i686-linux-gnu/5/../../../i386-linux-gnu/:/usr/lib/gcc/i686-linux-gnu/5/../../../../lib/:/lib/i386-linux-gnu/:/lib/../lib/:/usr/lib/i386-linux-gnu/:/usr/lib/../lib/:./:/home/zhihzen/base/lib/:/usr/lib/gcc/i686-linux-gnu/5/../../../:/lib/:/usr/lib/]
  ignore line: [COLLECT_GCC_OPTIONS='-v' '-o' 'cmTC_16936' '-rdynamic' '-shared-libgcc' '-mtune=generic' '-march=i686']
  link line: [ /usr/lib/gcc/i686-linux-gnu/5/collect2 -plugin /usr/lib/gcc/i686-linux-gnu/5/liblto_plugin.so -plugin-opt=/usr/lib/gcc/i686-linux-gnu/5/lto-wrapper -plugin-opt=-fresolution=/tmp/cc23jHvY.res -plugin-opt=-pass-through=-lgcc_s -plugin-opt=-pass-through=-lgcc -plugin-opt=-pass-through=-lc -plugin-opt=-pass-through=-lgcc_s -plugin-opt=-pass-through=-lgcc --sysroot=/ --build-id --eh-frame-hdr -m elf_i386 --hash-style=gnu --as-needed -export-dynamic -dynamic-linker /lib/ld-linux.so.2 -z relro -o cmTC_16936 /usr/lib/gcc/i686-linux-gnu/5/../../../i386-linux-gnu/crt1.o /usr/lib/gcc/i686-linux-gnu/5/../../../i386-linux-gnu/crti.o /usr/lib/gcc/i686-linux-gnu/5/crtbegin.o -L/home/zhihzen/base/lib/../lib -L/usr/lib/gcc/i686-linux-gnu/5 -L/usr/lib/gcc/i686-linux-gnu/5/../../../i386-linux-gnu -L/usr/lib/gcc/i686-linux-gnu/5/../../../../lib -L/lib/i386-linux-gnu -L/lib/../lib -L/usr/lib/i386-linux-gnu -L/usr/lib/../lib -L. -L/home/zhihzen/base/lib -L/usr/lib/gcc/i686-linux-gnu/5/../../.. CMakeFiles/cmTC_16936.dir/CMakeCXXCompilerABI.cpp.o -lstdc++ -lm -lgcc_s -lgcc -lc -lgcc_s -lgcc /usr/lib/gcc/i686-linux-gnu/5/crtend.o /usr/lib/gcc/i686-linux-gnu/5/../../../i386-linux-gnu/crtn.o]
    arg [/usr/lib/gcc/i686-linux-gnu/5/collect2] ==> ignore
    arg [-plugin] ==> ignore
    arg [/usr/lib/gcc/i686-linux-gnu/5/liblto_plugin.so] ==> ignore
    arg [-plugin-opt=/usr/lib/gcc/i686-linux-gnu/5/lto-wrapper] ==> ignore
    arg [-plugin-opt=-fresolution=/tmp/cc23jHvY.res] ==> ignore
    arg [-plugin-opt=-pass-through=-lgcc_s] ==> ignore
    arg [-plugin-opt=-pass-through=-lgcc] ==> ignore
    arg [-plugin-opt=-pass-through=-lc] ==> ignore
    arg [-plugin-opt=-pass-through=-lgcc_s] ==> ignore
    arg [-plugin-opt=-pass-through=-lgcc] ==> ignore
    arg [--sysroot=/] ==> ignore
    arg [--build-id] ==> ignore
    arg [--eh-frame-hdr] ==> ignore
    arg [-m] ==> ignore
    arg [elf_i386] ==> ignore
    arg [--hash-style=gnu] ==> ignore
    arg [--as-needed] ==> ignore
    arg [-export-dynamic] ==> ignore
    arg [-dynamic-linker] ==> ignore
    arg [/lib/ld-linux.so.2] ==> ignore
    arg [-zrelro] ==> ignore
    arg [-o] ==> ignore
    arg [cmTC_16936] ==> ignore
    arg [/usr/lib/gcc/i686-linux-gnu/5/../../../i386-linux-gnu/crt1.o] ==> ignore
    arg [/usr/lib/gcc/i686-linux-gnu/5/../../../i386-linux-gnu/crti.o] ==> ignore
    arg [/usr/lib/gcc/i686-linux-gnu/5/crtbegin.o] ==> ignore
    arg [-L/home/zhihzen/base/lib/../lib] ==> dir [/home/zhihzen/base/lib/../lib]
    arg [-L/usr/lib/gcc/i686-linux-gnu/5] ==> dir [/usr/lib/gcc/i686-linux-gnu/5]
    arg [-L/usr/lib/gcc/i686-linux-gnu/5/../../../i386-linux-gnu] ==> dir [/usr/lib/gcc/i686-linux-gnu/5/../../../i386-linux-gnu]
    arg [-L/usr/lib/gcc/i686-linux-gnu/5/../../../../lib] ==> dir [/usr/lib/gcc/i686-linux-gnu/5/../../../../lib]
    arg [-L/lib/i386-linux-gnu] ==> dir [/lib/i386-linux-gnu]
    arg [-L/lib/../lib] ==> dir [/lib/../lib]
    arg [-L/usr/lib/i386-linux-gnu] ==> dir [/usr/lib/i386-linux-gnu]
    arg [-L/usr/lib/../lib] ==> dir [/usr/lib/../lib]
    arg [-L.] ==> ignore
    arg [-L/home/zhihzen/base/lib] ==> dir [/home/zhihzen/base/lib]
    arg [-L/usr/lib/gcc/i686-linux-gnu/5/../../..] ==> dir [/usr/lib/gcc/i686-linux-gnu/5/../../..]
    arg [CMakeFiles/cmTC_16936.dir/CMakeCXXCompilerABI.cpp.o] ==> ignore
    arg [-lstdc++] ==> lib [stdc++]
    arg [-lm] ==> lib [m]
    arg [-lgcc_s] ==> lib [gcc_s]
    arg [-lgcc] ==> lib [gcc]
    arg [-lc] ==> lib [c]
    arg [-lgcc_s] ==> lib [gcc_s]
    arg [-lgcc] ==> lib [gcc]
    arg [/usr/lib/gcc/i686-linux-gnu/5/crtend.o] ==> ignore
    arg [/usr/lib/gcc/i686-linux-gnu/5/../../../i386-linux-gnu/crtn.o] ==> ignore
  remove lib [gcc_s]
  remove lib [gcc]
  remove lib [gcc_s]
  remove lib [gcc]
  collapse library dir [/home/zhihzen/base/lib/../lib] ==> [/home/zhihzen/base/lib]
  collapse library dir [/usr/lib/gcc/i686-linux-gnu/5] ==> [/usr/lib/gcc/i686-linux-gnu/5]
  collapse library dir [/usr/lib/gcc/i686-linux-gnu/5/../../../i386-linux-gnu] ==> [/usr/lib/i386-linux-gnu]
  collapse library dir [/usr/lib/gcc/i686-linux-gnu/5/../../../../lib] ==> [/usr/lib]
  collapse library dir [/lib/i386-linux-gnu] ==> [/lib/i386-linux-gnu]
  collapse library dir [/lib/../lib] ==> [/lib]
  collapse library dir [/usr/lib/i386-linux-gnu] ==> [/usr/lib/i386-linux-gnu]
  collapse library dir [/usr/lib/../lib] ==> [/usr/lib]
  collapse library dir [/home/zhihzen/base/lib] ==> [/home/zhihzen/base/lib]
  collapse library dir [/usr/lib/gcc/i686-linux-gnu/5/../../..] ==> [/usr/lib]
  implicit libs: [stdc++;m;c]
  implicit dirs: [/home/zhihzen/base/lib;/usr/lib/gcc/i686-linux-gnu/5;/usr/lib/i386-linux-gnu;/usr/lib;/lib/i386-linux-gnu;/lib]
  implicit fwks: []




Detecting CXX [-std=c++14] compiler features compiled with the following output:
Change Dir: /home/zhihzen/base/src/build/CMakeFiles/CMakeTmp

Run Build Command:"/usr/bin/make" "cmTC_1545e/fast"
/usr/bin/make -f CMakeFiles/cmTC_1545e.dir/build.make CMakeFiles/cmTC_1545e.dir/build
make[1]: Entering directory '/home/zhihzen/base/src/build/CMakeFiles/CMakeTmp'
Building CXX object CMakeFiles/cmTC_1545e.dir/feature_tests.cxx.o
/usr/bin/i686-linux-gnu-g++-5     -std=c++14 -o CMakeFiles/cmTC_1545e.dir/feature_tests.cxx.o -c /home/zhihzen/base/src/build/CMakeFiles/feature_tests.cxx
Linking CXX executable cmTC_1545e
/usr/bin/cmake -E cmake_link_script CMakeFiles/cmTC_1545e.dir/link.txt --verbose=1
/usr/bin/i686-linux-gnu-g++-5        CMakeFiles/cmTC_1545e.dir/feature_tests.cxx.o  -o cmTC_1545e -rdynamic 
make[1]: Leaving directory '/home/zhihzen/base/src/build/CMakeFiles/CMakeTmp'


    Feature record: CXX_FEATURE:1cxx_aggregate_default_initializers
    Feature record: CXX_FEATURE:1cxx_alias_templates
    Feature record: CXX_FEATURE:1cxx_alignas
    Feature record: CXX_FEATURE:1cxx_alignof
    Feature record: CXX_FEATURE:1cxx_attributes
    Feature record: CXX_FEATURE:1cxx_attribute_deprecated
    Feature record: CXX_FEATURE:1cxx_auto_type
    Feature record: CXX_FEATURE:1cxx_binary_literals
    Feature record: CXX_FEATURE:1cxx_constexpr
    Feature record: CXX_FEATURE:1cxx_contextual_conversions
    Feature record: CXX_FEATURE:1cxx_decltype
    Feature record: CXX_FEATURE:1cxx_decltype_auto
    Feature record: CXX_FEATURE:1cxx_decltype_incomplete_return_types
    Feature record: CXX_FEATURE:1cxx_default_function_template_args
    Feature record: CXX_FEATURE:1cxx_defaulted_functions
    Feature record: CXX_FEATURE:1cxx_defaulted_move_initializers
    Feature record: CXX_FEATURE:1cxx_delegating_constructors
    Feature record: CXX_FEATURE:1cxx_deleted_functions
    Feature record: CXX_FEATURE:1cxx_digit_separators
    Feature record: CXX_FEATURE:1cxx_enum_forward_declarations
    Feature record: CXX_FEATURE:1cxx_explicit_conversions
    Feature record: CXX_FEATURE:1cxx_extended_friend_declarations
    Feature record: CXX_FEATURE:1cxx_extern_templates
    Feature record: CXX_FEATURE:1cxx_final
    Feature record: CXX_FEATURE:1cxx_func_identifier
    Feature record: CXX_FEATURE:1cxx_generalized_initializers
    Feature record: CXX_FEATURE:1cxx_generic_lambdas
    Feature record: CXX_FEATURE:1cxx_inheriting_constructors
    Feature record: CXX_FEATURE:1cxx_inline_namespaces
    Feature record: CXX_FEATURE:1cxx_lambdas
    Feature record: CXX_FEATURE:1cxx_lambda_init_captures
    Feature record: CXX_FEATURE:1cxx_local_type_template_args
    Feature record: CXX_FEATURE:1cxx_long_long_type
    Feature record: CXX_FEATURE:1cxx_noexcept
    Feature record: CXX_FEATURE:1cxx_nonstatic_member_init
    Feature record: CXX_FEATURE:1cxx_nullptr
    Feature record: CXX_FEATURE:1cxx_override
    Feature record: CXX_FEATURE:1cxx_range_for
    Feature record: CXX_FEATURE:1cxx_raw_string_literals
    Feature record: CXX_FEATURE:1cxx_reference_qualified_functions
    Feature record: CXX_FEATURE:1cxx_relaxed_constexpr
    Feature record: CXX_FEATURE:1cxx_return_type_deduction
    Feature record: CXX_FEATURE:1cxx_right_angle_brackets
    Feature record: CXX_FEATURE:1cxx_rvalue_references
    Feature record: CXX_FEATURE:1cxx_sizeof_member
    Feature record: CXX_FEATURE:1cxx_static_assert
    Feature record: CXX_FEATURE:1cxx_strong_enums
    Feature record: CXX_FEATURE:1cxx_template_template_parameters
    Feature record: CXX_FEATURE:1cxx_thread_local
    Feature record: CXX_FEATURE:1cxx_trailing_return_types
    Feature record: CXX_FEATURE:1cxx_unicode_literals
    Feature record: CXX_FEATURE:1cxx_uniform_initialization
    Feature record: CXX_FEATURE:1cxx_unrestricted_unions
    Feature record: CXX_FEATURE:1cxx_user_literals
    Feature record: CXX_FEATURE:1cxx_variable_templates
    Feature record: CXX_FEATURE:1cxx_variadic_macros
    Feature record: CXX_FEATURE:1cxx_variadic_templates


Detecting CXX [-std=c++11] compiler features compiled with the following output:
Change Dir: /home/zhihzen/base/src/build/CMakeFiles/CMakeTmp

Run Build Command:"/usr/bin/make" "cmTC_5a797/fast"
/usr/bin/make -f CMakeFiles/cmTC_5a797.dir/build.make CMakeFiles/cmTC_5a797.dir/build
make[1]: Entering directory '/home/zhihzen/base/src/build/CMakeFiles/CMakeTmp'
Building CXX object CMakeFiles/cmTC_5a797.dir/feature_tests.cxx.o
/usr/bin/i686-linux-gnu-g++-5     -std=c++11 -o CMakeFiles/cmTC_5a797.dir/feature_tests.cxx.o -c /home/zhihzen/base/src/build/CMakeFiles/feature_tests.cxx
Linking CXX executable cmTC_5a797
/usr/bin/cmake -E cmake_link_script CMakeFiles/cmTC_5a797.dir/link.txt --verbose=1
/usr/bin/i686-linux-gnu-g++-5        CMakeFiles/cmTC_5a797.dir/feature_tests.cxx.o  -o cmTC_5a797 -rdynamic 
make[1]: Leaving directory '/home/zhihzen/base/src/build/CMakeFiles/CMakeTmp'


    Feature record: CXX_FEATURE:0cxx_aggregate_default_initializers
    Feature record: CXX_FEATURE:1cxx_alias_templates
    Feature record: CXX_FEATURE:1cxx_alignas
    Feature record: CXX_FEATURE:1cxx_alignof
    Feature record: CXX_FEATURE:1cxx_attributes
    Feature record: CXX_FEATURE:0cxx_attribute_deprecated
    Feature record: CXX_FEATURE:1cxx_auto_type
    Feature record: CXX_FEATURE:0cxx_binary_literals
    Feature record: CXX_FEATURE:1cxx_constexpr
    Feature record: CXX_FEATURE:0cxx_contextual_conversions
    Feature record: CXX_FEATURE:1cxx_decltype
    Feature record: CXX_FEATURE:0cxx_decltype_auto
    Feature record: CXX_FEATURE:1cxx_decltype_incomplete_return_types
    Feature record: CXX_FEATURE:1cxx_default_function_template_args
    Feature record: CXX_FEATURE:1cxx_defaulted_functions
    Feature record: CXX_FEATURE:1cxx_defaulted_move_initializers
    Feature record: CXX_FEATURE:1cxx_delegating_constructors
    Feature record: CXX_FEATURE:1cxx_deleted_functions
    Feature record: CXX_FEATURE:0cxx_digit_separators
    Feature record: CXX_FEATURE:1cxx_enum_forward_declarations
    Feature record: CXX_FEATURE:1cxx_explicit_conversions
    Feature record: CXX_FEATURE:1cxx_extended_friend_declarations
    Feature record: CXX_FEATURE:1cxx_extern_templates
    Feature record: CXX_FEATURE:1cxx_final
    Feature record: CXX_FEATURE:1cxx_func_identifier
    Feature record: CXX_FEATURE:1cxx_generalized_initializers
    Feature record: CXX_FEATURE:0cxx_generic_lambdas
    Feature record: CXX_FEATURE:1cxx_inheriting_constructors
    Feature record: CXX_FEATURE:1cxx_inline_namespaces
    Feature record: CXX_FEATURE:1cxx_lambdas
    Feature record: CXX_FEATURE:0cxx_lambda_init_captures
    Feature record: CXX_FEATURE:1cxx_local_type_template_args
    Feature record: CXX_FEATURE:1cxx_long_long_type
    Feature record: CXX_FEATURE:1cxx_noexcept
    Feature record: CXX_FEATURE:1cxx_nonstatic_member_init
    Feature record: CXX_FEATURE:1cxx_nullptr
    Feature record: CXX_FEATURE:1cxx_override
    Feature record: CXX_FEATURE:1cxx_range_for
    Feature record: CXX_FEATURE:1cxx_raw_string_literals
    Feature record: CXX_FEATURE:1cxx_reference_qualified_functions
    Feature record: CXX_FEATURE:0cxx_relaxed_constexpr
    Feature record: CXX_FEATURE:0cxx_return_type_deduction
    Feature record: CXX_FEATURE:1cxx_right_angle_brackets
    Feature record: CXX_FEATURE:1cxx_rvalue_references
    Feature record: CXX_FEATURE:1cxx_sizeof_member
    Feature record: CXX_FEATURE:1cxx_static_assert
    Feature record: CXX_FEATURE:1cxx_strong_enums
    Feature record: CXX_FEATURE:1cxx_template_template_parameters
    Feature record: CXX_FEATURE:1cxx_thread_local
    Feature record: CXX_FEATURE:1cxx_trailing_return_types
    Feature record: CXX_FEATURE:1cxx_unicode_literals
    Feature record: CXX_FEATURE:1cxx_uniform_initialization
    Feature record: CXX_FEATURE:1cxx_unrestricted_unions
    Feature record: CXX_FEATURE:1cxx_user_literals
    Feature record: CXX_FEATURE:0cxx_variable_templates
    Feature record: CXX_FEATURE:1cxx_variadic_macros
    Feature record: CXX_FEATURE:1cxx_variadic_templates


Detecting CXX [-std=c++98] compiler features compiled with the following output:
Change Dir: /home/zhihzen/base/src/build/CMakeFiles/CMakeTmp

Run Build Command:"/usr/bin/make" "cmTC_38111/fast"
/usr/bin/make -f CMakeFiles/cmTC_38111.dir/build.make CMakeFiles/cmTC_38111.dir/build
make[1]: Entering directory '/home/zhihzen/base/src/build/CMakeFiles/CMakeTmp'
Building CXX object CMakeFiles/cmTC_38111.dir/feature_tests.cxx.o
/usr/bin/i686-linux-gnu-g++-5     -std=c++98 -o CMakeFiles/cmTC_38111.dir/feature_tests.cxx.o -c /home/zhihzen/base/src/build/CMakeFiles/feature_tests.cxx
Linking CXX executable cmTC_38111
/usr/bin/cmake -E cmake_link_script CMakeFiles/cmTC_38111.dir/link.txt --verbose=1
/usr/bin/i686-linux-gnu-g++-5        CMakeFiles/cmTC_38111.dir/feature_tests.cxx.o  -o cmTC_38111 -rdynamic 
make[1]: Leaving directory '/home/zhihzen/base/src/build/CMakeFiles/CMakeTmp'


    Feature record: CXX_FEATURE:0cxx_aggregate_default_initializers
    Feature record: CXX_FEATURE:0cxx_alias_templates
    Feature record: CXX_FEATURE:0cxx_alignas
    Feature record: CXX_FEATURE:0cxx_alignof
    Feature record: CXX_FEATURE:0cxx_attributes
    Feature record: CXX_FEATURE:0cxx_attribute_deprecated
    Feature record: CXX_FEATURE:0cxx_auto_type
    Feature record: CXX_FEATURE:0cxx_binary_literals
    Feature record: CXX_FEATURE:0cxx_constexpr
    Feature record: CXX_FEATURE:0cxx_contextual_conversions
    Feature record: CXX_FEATURE:0cxx_decltype
    Feature record: CXX_FEATURE:0cxx_decltype_auto
    Feature record: CXX_FEATURE:0cxx_decltype_incomplete_return_types
    Feature record: CXX_FEATURE:0cxx_default_function_template_args
    Feature record: CXX_FEATURE:0cxx_defaulted_functions
    Feature record: CXX_FEATURE:0cxx_defaulted_move_initializers
    Feature record: CXX_FEATURE:0cxx_delegating_constructors
    Feature record: CXX_FEATURE:0cxx_deleted_functions
    Feature record: CXX_FEATURE:0cxx_digit_separators
    Feature record: CXX_FEATURE:0cxx_enum_forward_declarations
    Feature record: CXX_FEATURE:0cxx_explicit_conversions
    Feature record: CXX_FEATURE:0cxx_extended_friend_declarations
    Feature record: CXX_FEATURE:0cxx_extern_templates
    Feature record: CXX_FEATURE:0cxx_final
    Feature record: CXX_FEATURE:0cxx_func_identifier
    Feature record: CXX_FEATURE:0cxx_generalized_initializers
    Feature record: CXX_FEATURE:0cxx_generic_lambdas
    Feature record: CXX_FEATURE:0cxx_inheriting_constructors
    Feature record: CXX_FEATURE:0cxx_inline_namespaces
    Feature record: CXX_FEATURE:0cxx_lambdas
    Feature record: CXX_FEATURE:0cxx_lambda_init_captures
    Feature record: CXX_FEATURE:0cxx_local_type_template_args
    Feature record: CXX_FEATURE:0cxx_long_long_type
    Feature record: CXX_FEATURE:0cxx_noexcept
    Feature record: CXX_FEATURE:0cxx_nonstatic_member_init
    Feature record: CXX_FEATURE:0cxx_nullptr
    Feature record: CXX_FEATURE:0cxx_override
    Feature record: CXX_FEATURE:0cxx_range_for
    Feature record: CXX_FEATURE:0cxx_raw_string_literals
    Feature record: CXX_FEATURE:0cxx_reference_qualified_functions
    Feature record: CXX_FEATURE:0cxx_relaxed_constexpr
    Feature record: CXX_FEATURE:0cxx_return_type_deduction
    Feature record: CXX_FEATURE:0cxx_right_angle_brackets
    Feature record: CXX_FEATURE:0cxx_rvalue_references
    Feature record: CXX_FEATURE:0cxx_sizeof_member
    Feature record: CXX_FEATURE:0cxx_static_assert
    Feature record: CXX_FEATURE:0cxx_strong_enums
    Feature record: CXX_FEATURE:1cxx_template_template_parameters
    Feature record: CXX_FEATURE:0cxx_thread_local
    Feature record: CXX_FEATURE:0cxx_trailing_return_types
    Feature record: CXX_FEATURE:0cxx_unicode_literals
    Feature record: CXX_FEATURE:0cxx_uniform_initialization
    Feature record: CXX_FEATURE:0cxx_unrestricted_unions
    Feature record: CXX_FEATURE:0cxx_user_literals
    Feature record: CXX_FEATURE:0cxx_variable_templates
    Feature record: CXX_FEATURE:0cxx_variadic_macros
    Feature record: CXX_FEATURE:0cxx_variadic_templates
